<?xml version="1.0" encoding="UTF-8" ?>
<testsuite tests="12" failures="0" name="com.basic.tagsOfcucumberSD.RunnerGETRequestTest" time="0.073" errors="0" skipped="10">
  <properties>
    <property name="java.runtime.name" value="Java(TM) SE Runtime Environment"/>
    <property name="sun.boot.library.path" value="C:\Program Files\Java\jre1.8.0_241\bin"/>
    <property name="java.vm.version" value="25.241-b07"/>
    <property name="java.vm.vendor" value="Oracle Corporation"/>
    <property name="maven.multiModuleProjectDirectory" value="D:\selenium2\workspace\B22RestCucumber"/>
    <property name="java.vendor.url" value="http://java.oracle.com/"/>
    <property name="path.separator" value=";"/>
    <property name="guice.disable.misplaced.annotation.check" value="true"/>
    <property name="java.vm.name" value="Java HotSpot(TM) 64-Bit Server VM"/>
    <property name="file.encoding.pkg" value="sun.io"/>
    <property name="user.script" value=""/>
    <property name="user.country" value="US"/>
    <property name="sun.java.launcher" value="SUN_STANDARD"/>
    <property name="sun.os.patch.level" value=""/>
    <property name="java.vm.specification.name" value="Java Virtual Machine Specification"/>
    <property name="user.dir" value="D:\selenium2\workspace\B22RestCucumber"/>
    <property name="java.runtime.version" value="1.8.0_241-b07"/>
    <property name="java.awt.graphicsenv" value="sun.awt.Win32GraphicsEnvironment"/>
    <property name="java.endorsed.dirs" value="C:\Program Files\Java\jre1.8.0_241\lib\endorsed"/>
    <property name="os.arch" value="amd64"/>
    <property name="java.io.tmpdir" value="C:\Users\Arati\AppData\Local\Temp\"/>
    <property name="line.separator" value="
"/>
    <property name="java.vm.specification.vendor" value="Oracle Corporation"/>
    <property name="user.variant" value=""/>
    <property name="os.name" value="Windows 10"/>
    <property name="classworlds.conf" value="D:\selenium2\workspace\.metadata\.plugins\org.eclipse.m2e.launching\launches\m2conf2353711842662997003.tmp"/>
    <property name="sun.jnu.encoding" value="Cp1252"/>
    <property name="java.library.path" value="C:\Program Files\Java\jre1.8.0_241\bin;C:\Windows\Sun\Java\bin;C:\Windows\system32;C:\Windows;C:/Program Files/Java/jre1.8.0_241/bin/server;C:/Program Files/Java/jre1.8.0_241/bin;C:/Program Files/Java/jre1.8.0_241/lib/amd64;C:\Program Files (x86)\Common Files\Oracle\Java\javapath;C:\Windows\system32;C:\Windows;C:\Windows\System32\Wbem;C:\Windows\System32\WindowsPowerShell\v1.0\;C:\Program Files (x86)\PuTTY\;D:\Amazon\awsCLI\bin\;C:\Python27;C:\Python27\Scripts;D:\selenium2\eclipse-jee-neon-3-win32-x86_64\eclipse;;."/>
    <property name="java.specification.name" value="Java Platform API Specification"/>
    <property name="java.class.version" value="52.0"/>
    <property name="sun.management.compiler" value="HotSpot 64-Bit Tiered Compilers"/>
    <property name="os.version" value="10.0"/>
    <property name="user.home" value="C:\Users\Arati"/>
    <property name="user.timezone" value="Asia/Calcutta"/>
    <property name="java.awt.printerjob" value="sun.awt.windows.WPrinterJob"/>
    <property name="java.specification.version" value="1.8"/>
    <property name="file.encoding" value="Cp1252"/>
    <property name="user.name" value="Arati"/>
    <property name="java.class.path" value="/D:/selenium2/eclipse-jee-neon-3-win32-x86_64/eclipse/plugins/org.eclipse.m2e.maven.runtime_1.7.0.20160603-1931/jars/plexus-classworlds-2.5.2.jar"/>
    <property name="java.vm.specification.version" value="1.8"/>
    <property name="sun.arch.data.model" value="64"/>
    <property name="java.home" value="C:\Program Files\Java\jre1.8.0_241"/>
    <property name="sun.java.command" value="org.codehaus.plexus.classworlds.launcher.Launcher -B test"/>
    <property name="java.specification.vendor" value="Oracle Corporation"/>
    <property name="user.language" value="en"/>
    <property name="awt.toolkit" value="sun.awt.windows.WToolkit"/>
    <property name="java.vm.info" value="mixed mode"/>
    <property name="java.version" value="1.8.0_241"/>
    <property name="java.ext.dirs" value="C:\Program Files\Java\jre1.8.0_241\lib\ext;C:\Windows\Sun\Java\lib\ext"/>
    <property name="sun.boot.class.path" value="C:\Program Files\Java\jre1.8.0_241\lib\resources.jar;C:\Program Files\Java\jre1.8.0_241\lib\rt.jar;C:\Program Files\Java\jre1.8.0_241\lib\sunrsasign.jar;C:\Program Files\Java\jre1.8.0_241\lib\jsse.jar;C:\Program Files\Java\jre1.8.0_241\lib\jce.jar;C:\Program Files\Java\jre1.8.0_241\lib\charsets.jar;C:\Program Files\Java\jre1.8.0_241\lib\jfr.jar;C:\Program Files\Java\jre1.8.0_241\classes"/>
    <property name="java.vendor" value="Oracle Corporation"/>
    <property name="maven.home" value="D:\selenium2\workspace\B22RestCucumber\EMBEDDED"/>
    <property name="file.separator" value="\"/>
    <property name="java.vendor.url.bug" value="http://bugreport.sun.com/bugreport/"/>
    <property name="sun.cpu.endian" value="little"/>
    <property name="sun.io.unicode.encoding" value="UnicodeLittle"/>
    <property name="sun.desktop" value="windows"/>
    <property name="sun.cpu.isalist" value="amd64"/>
  </properties>
  <testcase classname="Scenario: Test my Get Method111" name="Given user start the rest asured test" time="0.002">
    <skipped/>
    <system-out>
  Scenario: Test my POST request test               # PostWithDataTable.feature:4
    Given user hit the post request with &quot;Tom&quot; name # MyPostWithDataTable.user_hit_the_post_request_with_json_data(String)
      java.nio.file.NoSuchFileException: D:\IBM\workspace\CucuRestAssured\src\test\java\com\basic\postFromTextFileSD\user.json
      	at sun.nio.fs.WindowsException.translateToIOException(Unknown Source)
      	at sun.nio.fs.WindowsException.rethrowAsIOException(Unknown Source)
      	at sun.nio.fs.WindowsException.rethrowAsIOException(Unknown Source)
      	at sun.nio.fs.WindowsFileSystemProvider.newByteChannel(Unknown Source)
      	at java.nio.file.Files.newByteChannel(Unknown Source)
      	at java.nio.file.Files.newByteChannel(Unknown Source)
      	at java.nio.file.Files.readAllBytes(Unknown Source)
      	at com.basic.postWithDataTableSD.MyPostWithDataTable.user_hit_the_post_request_with_json_data(MyPostWithDataTable.java:35)
      	at ?.Given user hit the post request with &quot;Tom&quot; name(PostWithDataTable.feature:5)

    Then user validate followind data               # MyPostWithDataTable.user_validate_followind_data(DataTable)
    Then I will validate other parameter            # MyPostWithDataTable.I_will_validate_other_parameter()

Failed scenarios:
PostWithDataTable.feature:4 # Scenario: Test my POST request test

1 Scenarios (1 failed)
3 Steps (1 failed, 2 skipped)
0m0.005s

java.nio.file.NoSuchFileException: D:\IBM\workspace\CucuRestAssured\src\test\java\com\basic\postFromTextFileSD\user.json
	at sun.nio.fs.WindowsException.translateToIOException(Unknown Source)
	at sun.nio.fs.WindowsException.rethrowAsIOException(Unknown Source)
	at sun.nio.fs.WindowsException.rethrowAsIOException(Unknown Source)
	at sun.nio.fs.WindowsFileSystemProvider.newByteChannel(Unknown Source)
	at java.nio.file.Files.newByteChannel(Unknown Source)
	at java.nio.file.Files.newByteChannel(Unknown Source)
	at java.nio.file.Files.readAllBytes(Unknown Source)
	at com.basic.postWithDataTableSD.MyPostWithDataTable.user_hit_the_post_request_with_json_data(MyPostWithDataTable.java:35)
	at ?.Given user hit the post request with &quot;Tom&quot; name(PostWithDataTable.feature:5)

@Important
Feature: First GET Rest Assured test105
</system-out>
  </testcase>
  <testcase classname="Scenario: Test my Get Method111" name="When user hit the get request" time="0.005">
    <skipped/>
  </testcase>
  <testcase classname="Scenario: Test my Get Method111" name="Then user checks the &quot;30&quot; count or size" time="0.01">
    <skipped/>
  </testcase>
  <testcase classname="Scenario: Test my Get Method111" name="Then user checks data at path &quot;MRData.limit&quot; having value &quot;30&quot; in jason" time="0.011">
    <skipped/>
  </testcase>
  <testcase classname="Scenario: Test my Get Method111" name="Then user checks data at path &quot;MRData.CircuitTable.Circuits[0].circuitId&quot; having value &quot;albert_park&quot; in jason" time="0.012">
    <skipped/>
  </testcase>
  <testcase classname="Scenario: Test my Get Method111" name="Scenario: Test my Get Method111" time="0.013"/>
  <testcase classname="Scenario: Test my Get Method112" name="Given user start the rest asured test" time="0.002">
    <skipped/>
    <system-out>
  @Smoke
  Scenario: Test my Get Method111                                                                                 # GetRequestTesting.feature:5
    Given user start the rest asured test                                                                         # GETRequestTestSD.user_start_the_rest_asured_test()
    When user hit the get request                                                                                 # GETRequestTestSD.user_hit_the_get_request()
    Then user checks the &quot;30&quot; count or size                                                                       # GETRequestTestSD.user_checks_the_count_or_size(String)
    Then user checks data at path &quot;MRData.limit&quot; having value &quot;30&quot; in jason                                       # GETRequestTestSD.user_checks_data_at_path_having_value_in_jason(String,String)
    Then user checks data at path &quot;MRData.CircuitTable.Circuits[0].circuitId&quot; having value &quot;albert_park&quot; in jason # GETRequestTestSD.user_checks_data_at_path_having_value_in_jason(String,String)
</system-out>
  </testcase>
  <testcase classname="Scenario: Test my Get Method112" name="When user hit the get request" time="0.002">
    <skipped/>
  </testcase>
  <testcase classname="Scenario: Test my Get Method112" name="Then user checks the &quot;30&quot; count or size" time="0.003">
    <skipped/>
  </testcase>
  <testcase classname="Scenario: Test my Get Method112" name="Then user checks data at path &quot;MRData.limit&quot; having value &quot;30&quot; in jason" time="0.004">
    <skipped/>
  </testcase>
  <testcase classname="Scenario: Test my Get Method112" name="Then user checks data at path &quot;MRData.CircuitTable.Circuits[0].circuitId&quot; having value &quot;albert_park&quot; in jason" time="0.004">
    <skipped/>
  </testcase>
  <testcase classname="Scenario: Test my Get Method112" name="Scenario: Test my Get Method112" time="0.005"/>
</testsuite>